{"D:\\repos\\UOITPDv2\\src\\components\\Calendar.vue": {"path":"D:\\repos\\UOITPDv2\\src\\components\\Calendar.vue","statementMap":{"0":{"start":{"line":10,"column":0},"end":{"line":null,"column":-1}}},"fnMap":{"0":{"name":"data","decl":{"start":{"line":9,"column":0},"end":{"line":null,"column":-1}},"loc":{"start":{"line":9,"column":0},"end":{"line":12,"column":0}}}},"branchMap":{},"s":{"0":0},"f":{"0":0},"b":{}}
,"D:\\repos\\UOITPDv2\\src\\components\\Course.vue": {"path":"D:\\repos\\UOITPDv2\\src\\components\\Course.vue","statementMap":{"0":{"start":{"line":11,"column":0},"end":{"line":null,"column":-1}}},"fnMap":{"0":{"name":"data","decl":{"start":{"line":10,"column":0},"end":{"line":null,"column":-1}},"loc":{"start":{"line":10,"column":0},"end":{"line":13,"column":0}}}},"branchMap":{},"s":{"0":0},"f":{"0":0},"b":{}}
,"D:\\repos\\UOITPDv2\\src\\components\\Header.vue": {"path":"D:\\repos\\UOITPDv2\\src\\components\\Header.vue","statementMap":{"0":{"start":{"line":15,"column":0},"end":{"line":null,"column":-1}},"1":{"start":{"line":16,"column":0},"end":{"line":null,"column":-1}},"2":{"start":{"line":20,"column":0},"end":{"line":null,"column":-1}},"3":{"start":{"line":26,"column":0},"end":{"line":null,"column":-1}},"4":{"start":{"line":29,"column":0},"end":{"line":33,"column":0}},"5":{"start":{"line":30,"column":0},"end":{"line":null,"column":-1}},"6":{"start":{"line":32,"column":0},"end":{"line":null,"column":-1}},"7":{"start":{"line":36,"column":0},"end":{"line":null,"column":-1}}},"fnMap":{"0":{"name":"data","decl":{"start":{"line":19,"column":0},"end":{"line":null,"column":-1}},"loc":{"start":{"line":19,"column":0},"end":{"line":23,"column":0}}},"1":{"name":"closeWindow","decl":{"start":{"line":25,"column":0},"end":{"line":null,"column":-1}},"loc":{"start":{"line":25,"column":0},"end":{"line":27,"column":0}}},"2":{"name":"maximizeWindow","decl":{"start":{"line":28,"column":0},"end":{"line":null,"column":-1}},"loc":{"start":{"line":28,"column":0},"end":{"line":34,"column":0}}},"3":{"name":"minimizeWindow","decl":{"start":{"line":35,"column":0},"end":{"line":null,"column":-1}},"loc":{"start":{"line":35,"column":0},"end":{"line":37,"column":0}}}},"branchMap":{"0":{"loc":{"start":{"line":29,"column":0},"end":{"line":33,"column":0}},"type":"if","locations":[{"start":{"line":29,"column":0},"end":{"line":33,"column":0}},{"start":{"line":29,"column":0},"end":{"line":33,"column":0}}]}},"s":{"0":0,"1":0,"2":0,"3":0,"4":0,"5":0,"6":0,"7":0},"f":{"0":0,"1":0,"2":0,"3":0},"b":{"0":[0,0]}}
,"D:\\repos\\UOITPDv2\\src\\components\\Home.vue": {"path":"D:\\repos\\UOITPDv2\\src\\components\\Home.vue","statementMap":{"0":{"start":{"line":15,"column":0},"end":{"line":null,"column":-1}}},"fnMap":{"0":{"name":"data","decl":{"start":{"line":14,"column":0},"end":{"line":null,"column":-1}},"loc":{"start":{"line":14,"column":0},"end":{"line":17,"column":0}}}},"branchMap":{},"s":{"0":0},"f":{"0":0},"b":{}}
,"D:\\repos\\UOITPDv2\\src\\components\\Settings.vue": {"path":"D:\\repos\\UOITPDv2\\src\\components\\Settings.vue","statementMap":{"0":{"start":{"line":10,"column":0},"end":{"line":null,"column":-1}}},"fnMap":{"0":{"name":"data","decl":{"start":{"line":9,"column":0},"end":{"line":null,"column":-1}},"loc":{"start":{"line":9,"column":0},"end":{"line":12,"column":0}}}},"branchMap":{},"s":{"0":0},"f":{"0":0},"b":{}}
,"D:\\repos\\UOITPDv2\\src\\components\\Sidebar.vue": {"path":"D:\\repos\\UOITPDv2\\src\\components\\Sidebar.vue","statementMap":{"0":{"start":{"line":29,"column":0},"end":{"line":null,"column":-1}},"1":{"start":{"line":33,"column":0},"end":{"line":null,"column":-1}}},"fnMap":{"0":{"name":"data","decl":{"start":{"line":32,"column":0},"end":{"line":null,"column":-1}},"loc":{"start":{"line":32,"column":0},"end":{"line":39,"column":0}}}},"branchMap":{},"s":{"0":0,"1":0},"f":{"0":0},"b":{}}
,"D:\\repos\\UOITPDv2\\src\\components\\Todo.vue": {"path":"D:\\repos\\UOITPDv2\\src\\components\\Todo.vue","statementMap":{"0":{"start":{"line":10,"column":0},"end":{"line":null,"column":-1}}},"fnMap":{"0":{"name":"data","decl":{"start":{"line":9,"column":0},"end":{"line":null,"column":-1}},"loc":{"start":{"line":9,"column":0},"end":{"line":12,"column":0}}}},"branchMap":{},"s":{"0":0},"f":{"0":0},"b":{}}
,"D:\\repos\\UOITPDv2\\src\\imp\\menu.js": {"path":"D:\\repos\\UOITPDv2\\src\\imp\\menu.js","statementMap":{"0":{"start":{"line":3,"column":11},"end":{"line":3,"column":0}},"1":{"start":{"line":5,"column":12},"end":{"line":5,"column":0}},"2":{"start":{"line":31,"column":6},"end":{"line":null,"column":-1}},"3":{"start":{"line":32,"column":8},"end":{"line":null,"column":-1}}},"fnMap":{"0":{"name":"something","decl":{"start":{"line":30,"column":15},"end":{"line":30,"column":20}},"loc":{"start":{"line":30,"column":21},"end":{"line":29,"column":10}}},"1":{"name":"(anonymous_1)","decl":{"start":{"line":31,"column":30},"end":{"line":31,"column":30}},"loc":{"start":{"line":31,"column":39},"end":{"line":31,"column":6}}}},"branchMap":{},"s":{"0":0,"1":0,"2":0,"3":0},"f":{"0":0,"1":0},"b":{}}
}
