TN:
SF:D:\repos\UOITPDv2\src\components\Calendar.vue
FN:9,data
FNF:1
FNH:0
FNDA:0,data
DA:10,0
LF:1
LH:0
BRF:0
BRH:0
end_of_record
TN:
SF:D:\repos\UOITPDv2\src\components\Course.vue
FN:10,data
FNF:1
FNH:0
FNDA:0,data
DA:11,0
LF:1
LH:0
BRF:0
BRH:0
end_of_record
TN:
SF:D:\repos\UOITPDv2\src\components\Header.vue
FN:19,data
FN:25,closeWindow
FN:28,maximizeWindow
FN:35,minimizeWindow
FNF:4
FNH:0
FNDA:0,data
FNDA:0,closeWindow
FNDA:0,maximizeWindow
FNDA:0,minimizeWindow
DA:15,0
DA:16,0
DA:20,0
DA:26,0
DA:29,0
DA:30,0
DA:32,0
DA:36,0
LF:8
LH:0
BRDA:29,0,0,0
BRDA:29,0,1,0
BRF:2
BRH:0
end_of_record
TN:
SF:D:\repos\UOITPDv2\src\components\Home.vue
FN:14,data
FNF:1
FNH:0
FNDA:0,data
DA:15,0
LF:1
LH:0
BRF:0
BRH:0
end_of_record
TN:
SF:D:\repos\UOITPDv2\src\components\Settings.vue
FN:9,data
FNF:1
FNH:0
FNDA:0,data
DA:10,0
LF:1
LH:0
BRF:0
BRH:0
end_of_record
TN:
SF:D:\repos\UOITPDv2\src\components\Sidebar.vue
FN:32,data
FNF:1
FNH:0
FNDA:0,data
DA:29,0
DA:33,0
LF:2
LH:0
BRF:0
BRH:0
end_of_record
TN:
SF:D:\repos\UOITPDv2\src\components\Todo.vue
FN:9,data
FNF:1
FNH:0
FNDA:0,data
DA:10,0
LF:1
LH:0
BRF:0
BRH:0
end_of_record
TN:
SF:D:\repos\UOITPDv2\src\imp\menu.js
FN:30,something
FN:31,(anonymous_1)
FNF:2
FNH:0
FNDA:0,something
FNDA:0,(anonymous_1)
DA:3,0
DA:5,0
DA:31,0
DA:32,0
LF:4
LH:0
BRF:0
BRH:0
end_of_record
